<?xml version="1.0" encoding="UTF-8"?>
<testng-results total="12" passed="0" failed="2" skipped="10">
  <reporter-output>
  </reporter-output>
  <suite started-at="2020-11-10T01:27:49Z" name="com.khanghv.testng.NewEmptyJUnitTest" finished-at="2020-11-10T01:29:54Z" duration-ms="124859">
    <groups>
    </groups>
    <test started-at="2020-11-10T01:27:49Z" name="Command line test" finished-at="2020-11-10T01:29:54Z" duration-ms="124859">
      <class name="com.khanghv.testng.NewEmptyJUnitTest">
        <test-method is-config="true" signature="setUpMethod()[pri:0, instance:com.khanghv.testng.NewEmptyJUnitTest@74a10858]" started-at="2020-11-10T08:27:50Z" name="setUpMethod" finished-at="2020-11-10T08:28:31Z" duration-ms="40994" status="PASS">
          <reporter-output>
          </reporter-output>
        </test-method> <!-- setUpMethod -->
        <test-method signature="testLogin(java.lang.String, java.lang.String, java.lang.String, java.lang.String, java.lang.String, java.lang.String, java.lang.String, java.lang.String, java.lang.String, java.lang.String, java.lang.String, java.lang.String)[pri:0, instance:com.khanghv.testng.NewEmptyJUnitTest@74a10858]" started-at="2020-11-10T08:28:31Z" name="testLogin" data-provider="Authencate" finished-at="2020-11-10T08:28:35Z" duration-ms="3794" status="FAIL">
          <params>
            <param index="0">
              <value>
                <![CDATA[Khang]]>
              </value>
            </param>
            <param index="1">
              <value>
                <![CDATA[Hua]]>
              </value>
            </param>
            <param index="2">
              <value>
                <![CDATA[beiuonepiece999@gmail.com]]>
              </value>
            </param>
            <param index="3">
              <value>
                <![CDATA[03154678975]]>
              </value>
            </param>
            <param index="4">
              <value>
                <![CDATA[Test]]>
              </value>
            </param>
            <param index="5">
              <value>
                <![CDATA[Qu?n 2]]>
              </value>
            </param>
            <param index="6">
              <value>
                <![CDATA[C:\Users\USER\Desktop\103981568_565350744420432_7391090614746833787_n.jpg]]>
              </value>
            </param>
            <param index="7">
              <value>
                <![CDATA[Ma]]>
              </value>
            </param>
            <param index="8">
              <value>
                <![CDATA[M]]>
              </value>
            </param>
            <param index="9">
              <value>
                <![CDATA[SRM]]>
              </value>
            </param>
            <param index="10">
              <value>
                <![CDATA[ABC]]>
              </value>
            </param>
            <param index="11">
              <value>
                <![CDATA[Ala]]>
              </value>
            </param>
          </params>
          <exception class="org.openqa.selenium.StaleElementReferenceException">
            <message>
              <![CDATA[stale element reference: element is not attached to the page document
  (Session info: chrome=86.0.4240.183)
For documentation on this error, please visit: https://selenium.dev/exceptions/#stale_element_reference
Build info: version: '4.0.0-alpha-6', revision: '5f43a29cfc'
System info: host: 'SE140097', ip: '192.168.217.1', os.name: 'Windows 10', os.arch: 'amd64', os.version: '10.0', java.version: '12.0.1'
Driver info: org.openqa.selenium.chrome.ChromeDriver
Capabilities {acceptInsecureCerts: false, browserName: chrome, browserVersion: 86.0.4240.183, chrome: {chromedriverVersion: 86.0.4240.22 (398b0743353ff..., userDataDir: C:\Users\USER\AppData\Local...}, goog:chromeOptions: {debuggerAddress: localhost:54119}, javascriptEnabled: true, networkConnectionEnabled: false, pageLoadStrategy: normal, platform: WINDOWS, platformName: WINDOWS, proxy: Proxy(), setWindowRect: true, strictFileInteractability: false, timeouts: {implicit: 0, pageLoad: 300000, script: 30000}, unhandledPromptBehavior: dismiss and notify, webauthn:virtualAuthenticators: true}
Session ID: 35e7e95f25fd847de06b08cdbf337ce9]]>
            </message>
            <full-stacktrace>
              <![CDATA[org.openqa.selenium.StaleElementReferenceException: stale element reference: element is not attached to the page document
  (Session info: chrome=86.0.4240.183)
For documentation on this error, please visit: https://selenium.dev/exceptions/#stale_element_reference
Build info: version: '4.0.0-alpha-6', revision: '5f43a29cfc'
System info: host: 'SE140097', ip: '192.168.217.1', os.name: 'Windows 10', os.arch: 'amd64', os.version: '10.0', java.version: '12.0.1'
Driver info: org.openqa.selenium.chrome.ChromeDriver
Capabilities {acceptInsecureCerts: false, browserName: chrome, browserVersion: 86.0.4240.183, chrome: {chromedriverVersion: 86.0.4240.22 (398b0743353ff..., userDataDir: C:\Users\USER\AppData\Local...}, goog:chromeOptions: {debuggerAddress: localhost:54119}, javascriptEnabled: true, networkConnectionEnabled: false, pageLoadStrategy: normal, platform: WINDOWS, platformName: WINDOWS, proxy: Proxy(), setWindowRect: true, strictFileInteractability: false, timeouts: {implicit: 0, pageLoad: 300000, script: 30000}, unhandledPromptBehavior: dismiss and notify, webauthn:virtualAuthenticators: true}
Session ID: 35e7e95f25fd847de06b08cdbf337ce9
	at java.base/jdk.internal.reflect.NativeConstructorAccessorImpl.newInstance0(Native Method)
	at java.base/jdk.internal.reflect.NativeConstructorAccessorImpl.newInstance(NativeConstructorAccessorImpl.java:62)
	at java.base/jdk.internal.reflect.DelegatingConstructorAccessorImpl.newInstance(DelegatingConstructorAccessorImpl.java:45)
	at java.base/java.lang.reflect.Constructor.newInstanceWithCaller(Constructor.java:500)
	at java.base/java.lang.reflect.Constructor.newInstance(Constructor.java:481)
	at org.openqa.selenium.remote.codec.w3c.W3CHttpResponseCodec.createException(W3CHttpResponseCodec.java:196)
	at org.openqa.selenium.remote.codec.w3c.W3CHttpResponseCodec.decode(W3CHttpResponseCodec.java:129)
	at org.openqa.selenium.remote.codec.w3c.W3CHttpResponseCodec.decode(W3CHttpResponseCodec.java:53)
	at org.openqa.selenium.remote.HttpCommandExecutor.execute(HttpCommandExecutor.java:160)
	at org.openqa.selenium.remote.service.DriverCommandExecutor.execute(DriverCommandExecutor.java:83)
	at org.openqa.selenium.remote.RemoteWebDriver.execute(RemoteWebDriver.java:582)
	at org.openqa.selenium.remote.RemoteWebElement.execute(RemoteWebElement.java:316)
	at org.openqa.selenium.remote.RemoteWebElement.sendKeys(RemoteWebElement.java:115)
	at com.khanghv.testng.NewEmptyJUnitTest.testLogin(NewEmptyJUnitTest.java:135)
	at java.base/jdk.internal.reflect.NativeMethodAccessorImpl.invoke0(Native Method)
	at java.base/jdk.internal.reflect.NativeMethodAccessorImpl.invoke(NativeMethodAccessorImpl.java:62)
	at java.base/jdk.internal.reflect.DelegatingMethodAccessorImpl.invoke(DelegatingMethodAccessorImpl.java:43)
	at java.base/java.lang.reflect.Method.invoke(Method.java:567)
	at org.testng.internal.MethodInvocationHelper.invokeMethod(MethodInvocationHelper.java:84)
	at org.testng.internal.Invoker.invokeMethod(Invoker.java:714)
	at org.testng.internal.Invoker.invokeTestMethod(Invoker.java:901)
	at org.testng.internal.Invoker.invokeTestMethods(Invoker.java:1231)
	at org.testng.internal.TestMethodWorker.invokeTestMethods(TestMethodWorker.java:127)
	at org.testng.internal.TestMethodWorker.run(TestMethodWorker.java:111)
	at org.testng.TestRunner.privateRun(TestRunner.java:767)
	at org.testng.TestRunner.run(TestRunner.java:617)
	at org.testng.SuiteRunner.runTest(SuiteRunner.java:334)
	at org.testng.SuiteRunner.runSequentially(SuiteRunner.java:329)
	at org.testng.SuiteRunner.privateRun(SuiteRunner.java:291)
	at org.testng.SuiteRunner.run(SuiteRunner.java:240)
	at org.testng.SuiteRunnerWorker.runSuite(SuiteRunnerWorker.java:52)
	at org.testng.SuiteRunnerWorker.run(SuiteRunnerWorker.java:86)
	at org.testng.TestNG.runSuitesSequentially(TestNG.java:1224)
	at org.testng.TestNG.runSuitesLocally(TestNG.java:1149)
	at org.testng.TestNG.run(TestNG.java:1057)
	at org.apache.maven.surefire.testng.TestNGExecutor.run(TestNGExecutor.java:77)
	at org.apache.maven.surefire.testng.TestNGDirectoryTestSuite.execute(TestNGDirectoryTestSuite.java:110)
	at org.apache.maven.surefire.testng.TestNGProvider.invoke(TestNGProvider.java:106)
	at java.base/jdk.internal.reflect.NativeMethodAccessorImpl.invoke0(Native Method)
	at java.base/jdk.internal.reflect.NativeMethodAccessorImpl.invoke(NativeMethodAccessorImpl.java:62)
	at java.base/jdk.internal.reflect.DelegatingMethodAccessorImpl.invoke(DelegatingMethodAccessorImpl.java:43)
	at java.base/java.lang.reflect.Method.invoke(Method.java:567)
	at org.apache.maven.surefire.util.ReflectionUtils.invokeMethodWithArray(ReflectionUtils.java:189)
	at org.apache.maven.surefire.booter.ProviderFactory$ProviderProxy.invoke(ProviderFactory.java:165)
	at org.apache.maven.surefire.booter.ProviderFactory.invokeProvider(ProviderFactory.java:85)
	at org.apache.maven.surefire.booter.ForkedBooter.runSuitesInProcess(ForkedBooter.java:115)
	at org.apache.maven.surefire.booter.ForkedBooter.main(ForkedBooter.java:75)
]]>
            </full-stacktrace>
          </exception> <!-- org.openqa.selenium.StaleElementReferenceException -->
          <reporter-output>
          </reporter-output>
        </test-method> <!-- testLogin -->
        <test-method is-config="true" signature="tearDownMethod()[pri:0, instance:com.khanghv.testng.NewEmptyJUnitTest@74a10858]" started-at="2020-11-10T08:28:35Z" name="tearDownMethod" finished-at="2020-11-10T08:28:35Z" duration-ms="62" status="PASS">
          <reporter-output>
          </reporter-output>
        </test-method> <!-- tearDownMethod -->
        <test-method is-config="true" signature="setUpMethod()[pri:0, instance:com.khanghv.testng.NewEmptyJUnitTest@74a10858]" started-at="2020-11-10T08:28:35Z" name="setUpMethod" finished-at="2020-11-10T08:29:38Z" duration-ms="62982" status="PASS">
          <reporter-output>
          </reporter-output>
        </test-method> <!-- setUpMethod -->
        <test-method signature="testLogin(java.lang.String, java.lang.String, java.lang.String, java.lang.String, java.lang.String, java.lang.String, java.lang.String, java.lang.String, java.lang.String, java.lang.String, java.lang.String, java.lang.String)[pri:0, instance:com.khanghv.testng.NewEmptyJUnitTest@74a10858]" started-at="2020-11-10T08:29:38Z" name="testLogin" data-provider="Authencate" finished-at="2020-11-10T08:29:54Z" duration-ms="16096" status="FAIL">
          <params>
            <param index="0">
              <value>
                <![CDATA[Khoi]]>
              </value>
            </param>
            <param index="1">
              <value>
                <![CDATA[Le]]>
              </value>
            </param>
            <param index="2">
              <value>
                <![CDATA[khoiquetlada@gmail.com]]>
              </value>
            </param>
            <param index="3">
              <value>
                <![CDATA[0321516481]]>
              </value>
            </param>
            <param index="4">
              <value>
                <![CDATA[04-Jun-2000]]>
              </value>
            </param>
            <param index="5">
              <value>
                <![CDATA[Qu?n 3]]>
              </value>
            </param>
            <param index="6">
              <value>
                <![CDATA[null]]>
              </value>
            </param>
            <param index="7">
              <value>
                <![CDATA[Math]]>
              </value>
            </param>
            <param index="8">
              <value>
                <![CDATA[F]]>
              </value>
            </param>
            <param index="9">
              <value>
                <![CDATA[null]]>
              </value>
            </param>
            <param index="10">
              <value>
                <![CDATA[C]]>
              </value>
            </param>
            <param index="11">
              <value>
                <![CDATA[Afv]]>
              </value>
            </param>
          </params>
          <exception class="org.openqa.selenium.WebDriverException">
            <message>
              <![CDATA[chrome not reachable
  (Session info: chrome=86.0.4240.183)
Build info: version: '4.0.0-alpha-6', revision: '5f43a29cfc'
System info: host: 'SE140097', ip: '192.168.217.1', os.name: 'Windows 10', os.arch: 'amd64', os.version: '10.0', java.version: '12.0.1'
Driver info: org.openqa.selenium.chrome.ChromeDriver
Capabilities {acceptInsecureCerts: false, browserName: chrome, browserVersion: 86.0.4240.183, chrome: {chromedriverVersion: 86.0.4240.22 (398b0743353ff..., userDataDir: C:\Users\USER\AppData\Local...}, goog:chromeOptions: {debuggerAddress: localhost:54176}, javascriptEnabled: true, networkConnectionEnabled: false, pageLoadStrategy: normal, platform: WINDOWS, platformName: WINDOWS, proxy: Proxy(), setWindowRect: true, strictFileInteractability: false, timeouts: {implicit: 0, pageLoad: 300000, script: 30000}, unhandledPromptBehavior: dismiss and notify, webauthn:virtualAuthenticators: true}
Session ID: 40102c6249553f5bcf12812b7a3275b9
*** Element info: {Using=id, value=react-select-3-input}]]>
            </message>
            <full-stacktrace>
              <![CDATA[org.openqa.selenium.WebDriverException: chrome not reachable
  (Session info: chrome=86.0.4240.183)
Build info: version: '4.0.0-alpha-6', revision: '5f43a29cfc'
System info: host: 'SE140097', ip: '192.168.217.1', os.name: 'Windows 10', os.arch: 'amd64', os.version: '10.0', java.version: '12.0.1'
Driver info: org.openqa.selenium.chrome.ChromeDriver
Capabilities {acceptInsecureCerts: false, browserName: chrome, browserVersion: 86.0.4240.183, chrome: {chromedriverVersion: 86.0.4240.22 (398b0743353ff..., userDataDir: C:\Users\USER\AppData\Local...}, goog:chromeOptions: {debuggerAddress: localhost:54176}, javascriptEnabled: true, networkConnectionEnabled: false, pageLoadStrategy: normal, platform: WINDOWS, platformName: WINDOWS, proxy: Proxy(), setWindowRect: true, strictFileInteractability: false, timeouts: {implicit: 0, pageLoad: 300000, script: 30000}, unhandledPromptBehavior: dismiss and notify, webauthn:virtualAuthenticators: true}
Session ID: 40102c6249553f5bcf12812b7a3275b9
*** Element info: {Using=id, value=react-select-3-input}
	at java.base/jdk.internal.reflect.NativeConstructorAccessorImpl.newInstance0(Native Method)
	at java.base/jdk.internal.reflect.NativeConstructorAccessorImpl.newInstance(NativeConstructorAccessorImpl.java:62)
	at java.base/jdk.internal.reflect.DelegatingConstructorAccessorImpl.newInstance(DelegatingConstructorAccessorImpl.java:45)
	at java.base/java.lang.reflect.Constructor.newInstanceWithCaller(Constructor.java:500)
	at java.base/java.lang.reflect.Constructor.newInstance(Constructor.java:481)
	at org.openqa.selenium.remote.codec.w3c.W3CHttpResponseCodec.createException(W3CHttpResponseCodec.java:196)
	at org.openqa.selenium.remote.codec.w3c.W3CHttpResponseCodec.decode(W3CHttpResponseCodec.java:129)
	at org.openqa.selenium.remote.codec.w3c.W3CHttpResponseCodec.decode(W3CHttpResponseCodec.java:53)
	at org.openqa.selenium.remote.HttpCommandExecutor.execute(HttpCommandExecutor.java:160)
	at org.openqa.selenium.remote.service.DriverCommandExecutor.execute(DriverCommandExecutor.java:83)
	at org.openqa.selenium.remote.RemoteWebDriver.execute(RemoteWebDriver.java:582)
	at org.openqa.selenium.remote.RemoteWebDriver.findElement(RemoteWebDriver.java:333)
	at org.openqa.selenium.remote.RemoteWebDriver.findElementById(RemoteWebDriver.java:381)
	at org.openqa.selenium.By$ById.findElement(By.java:194)
	at org.openqa.selenium.remote.RemoteWebDriver.findElement(RemoteWebDriver.java:325)
	at com.khanghv.testng.NewEmptyJUnitTest.testLogin(NewEmptyJUnitTest.java:212)
	at java.base/jdk.internal.reflect.NativeMethodAccessorImpl.invoke0(Native Method)
	at java.base/jdk.internal.reflect.NativeMethodAccessorImpl.invoke(NativeMethodAccessorImpl.java:62)
	at java.base/jdk.internal.reflect.DelegatingMethodAccessorImpl.invoke(DelegatingMethodAccessorImpl.java:43)
	at java.base/java.lang.reflect.Method.invoke(Method.java:567)
	at org.testng.internal.MethodInvocationHelper.invokeMethod(MethodInvocationHelper.java:84)
	at org.testng.internal.Invoker.invokeMethod(Invoker.java:714)
	at org.testng.internal.Invoker.invokeTestMethod(Invoker.java:901)
	at org.testng.internal.Invoker.invokeTestMethods(Invoker.java:1231)
	at org.testng.internal.TestMethodWorker.invokeTestMethods(TestMethodWorker.java:127)
	at org.testng.internal.TestMethodWorker.run(TestMethodWorker.java:111)
	at org.testng.TestRunner.privateRun(TestRunner.java:767)
	at org.testng.TestRunner.run(TestRunner.java:617)
	at org.testng.SuiteRunner.runTest(SuiteRunner.java:334)
	at org.testng.SuiteRunner.runSequentially(SuiteRunner.java:329)
	at org.testng.SuiteRunner.privateRun(SuiteRunner.java:291)
	at org.testng.SuiteRunner.run(SuiteRunner.java:240)
	at org.testng.SuiteRunnerWorker.runSuite(SuiteRunnerWorker.java:52)
	at org.testng.SuiteRunnerWorker.run(SuiteRunnerWorker.java:86)
	at org.testng.TestNG.runSuitesSequentially(TestNG.java:1224)
	at org.testng.TestNG.runSuitesLocally(TestNG.java:1149)
	at org.testng.TestNG.run(TestNG.java:1057)
	at org.apache.maven.surefire.testng.TestNGExecutor.run(TestNGExecutor.java:77)
	at org.apache.maven.surefire.testng.TestNGDirectoryTestSuite.execute(TestNGDirectoryTestSuite.java:110)
	at org.apache.maven.surefire.testng.TestNGProvider.invoke(TestNGProvider.java:106)
	at java.base/jdk.internal.reflect.NativeMethodAccessorImpl.invoke0(Native Method)
	at java.base/jdk.internal.reflect.NativeMethodAccessorImpl.invoke(NativeMethodAccessorImpl.java:62)
	at java.base/jdk.internal.reflect.DelegatingMethodAccessorImpl.invoke(DelegatingMethodAccessorImpl.java:43)
	at java.base/java.lang.reflect.Method.invoke(Method.java:567)
	at org.apache.maven.surefire.util.ReflectionUtils.invokeMethodWithArray(ReflectionUtils.java:189)
	at org.apache.maven.surefire.booter.ProviderFactory$ProviderProxy.invoke(ProviderFactory.java:165)
	at org.apache.maven.surefire.booter.ProviderFactory.invokeProvider(ProviderFactory.java:85)
	at org.apache.maven.surefire.booter.ForkedBooter.runSuitesInProcess(ForkedBooter.java:115)
	at org.apache.maven.surefire.booter.ForkedBooter.main(ForkedBooter.java:75)
]]>
            </full-stacktrace>
          </exception> <!-- org.openqa.selenium.WebDriverException -->
          <reporter-output>
          </reporter-output>
        </test-method> <!-- testLogin -->
        <test-method is-config="true" signature="tearDownMethod()[pri:0, instance:com.khanghv.testng.NewEmptyJUnitTest@74a10858]" started-at="2020-11-10T08:29:54Z" name="tearDownMethod" finished-at="2020-11-10T08:29:54Z" duration-ms="0" status="FAIL">
          <exception class="org.openqa.selenium.WebDriverException">
            <message>
              <![CDATA[chrome not reachable
  (Session info: chrome=86.0.4240.183)
Build info: version: '4.0.0-alpha-6', revision: '5f43a29cfc'
System info: host: 'SE140097', ip: '192.168.217.1', os.name: 'Windows 10', os.arch: 'amd64', os.version: '10.0', java.version: '12.0.1'
Driver info: org.openqa.selenium.chrome.ChromeDriver
Capabilities {acceptInsecureCerts: false, browserName: chrome, browserVersion: 86.0.4240.183, chrome: {chromedriverVersion: 86.0.4240.22 (398b0743353ff..., userDataDir: C:\Users\USER\AppData\Local...}, goog:chromeOptions: {debuggerAddress: localhost:54176}, javascriptEnabled: true, networkConnectionEnabled: false, pageLoadStrategy: normal, platform: WINDOWS, platformName: WINDOWS, proxy: Proxy(), setWindowRect: true, strictFileInteractability: false, timeouts: {implicit: 0, pageLoad: 300000, script: 30000}, unhandledPromptBehavior: dismiss and notify, webauthn:virtualAuthenticators: true}
Session ID: 40102c6249553f5bcf12812b7a3275b9]]>
            </message>
            <full-stacktrace>
              <![CDATA[org.openqa.selenium.WebDriverException: chrome not reachable
  (Session info: chrome=86.0.4240.183)
Build info: version: '4.0.0-alpha-6', revision: '5f43a29cfc'
System info: host: 'SE140097', ip: '192.168.217.1', os.name: 'Windows 10', os.arch: 'amd64', os.version: '10.0', java.version: '12.0.1'
Driver info: org.openqa.selenium.chrome.ChromeDriver
Capabilities {acceptInsecureCerts: false, browserName: chrome, browserVersion: 86.0.4240.183, chrome: {chromedriverVersion: 86.0.4240.22 (398b0743353ff..., userDataDir: C:\Users\USER\AppData\Local...}, goog:chromeOptions: {debuggerAddress: localhost:54176}, javascriptEnabled: true, networkConnectionEnabled: false, pageLoadStrategy: normal, platform: WINDOWS, platformName: WINDOWS, proxy: Proxy(), setWindowRect: true, strictFileInteractability: false, timeouts: {implicit: 0, pageLoad: 300000, script: 30000}, unhandledPromptBehavior: dismiss and notify, webauthn:virtualAuthenticators: true}
Session ID: 40102c6249553f5bcf12812b7a3275b9
	at java.base/jdk.internal.reflect.NativeConstructorAccessorImpl.newInstance0(Native Method)
	at java.base/jdk.internal.reflect.NativeConstructorAccessorImpl.newInstance(NativeConstructorAccessorImpl.java:62)
	at java.base/jdk.internal.reflect.DelegatingConstructorAccessorImpl.newInstance(DelegatingConstructorAccessorImpl.java:45)
	at java.base/java.lang.reflect.Constructor.newInstanceWithCaller(Constructor.java:500)
	at java.base/java.lang.reflect.Constructor.newInstance(Constructor.java:481)
	at org.openqa.selenium.remote.codec.w3c.W3CHttpResponseCodec.createException(W3CHttpResponseCodec.java:196)
	at org.openqa.selenium.remote.codec.w3c.W3CHttpResponseCodec.decode(W3CHttpResponseCodec.java:129)
	at org.openqa.selenium.remote.codec.w3c.W3CHttpResponseCodec.decode(W3CHttpResponseCodec.java:53)
	at org.openqa.selenium.remote.HttpCommandExecutor.execute(HttpCommandExecutor.java:160)
	at org.openqa.selenium.remote.service.DriverCommandExecutor.execute(DriverCommandExecutor.java:83)
	at org.openqa.selenium.remote.RemoteWebDriver.execute(RemoteWebDriver.java:582)
	at org.openqa.selenium.remote.RemoteWebDriver.execute(RemoteWebDriver.java:639)
	at org.openqa.selenium.remote.RemoteWebDriver.execute(RemoteWebDriver.java:643)
	at org.openqa.selenium.remote.RemoteWebDriver.close(RemoteWebDriver.java:468)
	at com.khanghv.testng.NewEmptyJUnitTest.tearDownMethod(NewEmptyJUnitTest.java:253)
	at java.base/jdk.internal.reflect.NativeMethodAccessorImpl.invoke0(Native Method)
	at java.base/jdk.internal.reflect.NativeMethodAccessorImpl.invoke(NativeMethodAccessorImpl.java:62)
	at java.base/jdk.internal.reflect.DelegatingMethodAccessorImpl.invoke(DelegatingMethodAccessorImpl.java:43)
	at java.base/java.lang.reflect.Method.invoke(Method.java:567)
	at org.testng.internal.MethodInvocationHelper.invokeMethod(MethodInvocationHelper.java:84)
	at org.testng.internal.Invoker.invokeConfigurationMethod(Invoker.java:564)
	at org.testng.internal.Invoker.invokeConfigurations(Invoker.java:213)
	at org.testng.internal.Invoker.invokeMethod(Invoker.java:786)
	at org.testng.internal.Invoker.invokeTestMethod(Invoker.java:901)
	at org.testng.internal.Invoker.invokeTestMethods(Invoker.java:1231)
	at org.testng.internal.TestMethodWorker.invokeTestMethods(TestMethodWorker.java:127)
	at org.testng.internal.TestMethodWorker.run(TestMethodWorker.java:111)
	at org.testng.TestRunner.privateRun(TestRunner.java:767)
	at org.testng.TestRunner.run(TestRunner.java:617)
	at org.testng.SuiteRunner.runTest(SuiteRunner.java:334)
	at org.testng.SuiteRunner.runSequentially(SuiteRunner.java:329)
	at org.testng.SuiteRunner.privateRun(SuiteRunner.java:291)
	at org.testng.SuiteRunner.run(SuiteRunner.java:240)
	at org.testng.SuiteRunnerWorker.runSuite(SuiteRunnerWorker.java:52)
	at org.testng.SuiteRunnerWorker.run(SuiteRunnerWorker.java:86)
	at org.testng.TestNG.runSuitesSequentially(TestNG.java:1224)
	at org.testng.TestNG.runSuitesLocally(TestNG.java:1149)
	at org.testng.TestNG.run(TestNG.java:1057)
	at org.apache.maven.surefire.testng.TestNGExecutor.run(TestNGExecutor.java:77)
	at org.apache.maven.surefire.testng.TestNGDirectoryTestSuite.execute(TestNGDirectoryTestSuite.java:110)
	at org.apache.maven.surefire.testng.TestNGProvider.invoke(TestNGProvider.java:106)
	at java.base/jdk.internal.reflect.NativeMethodAccessorImpl.invoke0(Native Method)
	at java.base/jdk.internal.reflect.NativeMethodAccessorImpl.invoke(NativeMethodAccessorImpl.java:62)
	at java.base/jdk.internal.reflect.DelegatingMethodAccessorImpl.invoke(DelegatingMethodAccessorImpl.java:43)
	at java.base/java.lang.reflect.Method.invoke(Method.java:567)
	at org.apache.maven.surefire.util.ReflectionUtils.invokeMethodWithArray(ReflectionUtils.java:189)
	at org.apache.maven.surefire.booter.ProviderFactory$ProviderProxy.invoke(ProviderFactory.java:165)
	at org.apache.maven.surefire.booter.ProviderFactory.invokeProvider(ProviderFactory.java:85)
	at org.apache.maven.surefire.booter.ForkedBooter.runSuitesInProcess(ForkedBooter.java:115)
	at org.apache.maven.surefire.booter.ForkedBooter.main(ForkedBooter.java:75)
]]>
            </full-stacktrace>
          </exception> <!-- org.openqa.selenium.WebDriverException -->
          <reporter-output>
          </reporter-output>
        </test-method> <!-- tearDownMethod -->
        <test-method is-config="true" signature="setUpMethod()[pri:0, instance:com.khanghv.testng.NewEmptyJUnitTest@74a10858]" started-at="2020-11-10T08:29:54Z" name="setUpMethod" finished-at="2020-11-10T08:29:54Z" duration-ms="0" status="SKIP">
          <reporter-output>
          </reporter-output>
        </test-method> <!-- setUpMethod -->
        <test-method signature="testLogin(java.lang.String, java.lang.String, java.lang.String, java.lang.String, java.lang.String, java.lang.String, java.lang.String, java.lang.String, java.lang.String, java.lang.String, java.lang.String, java.lang.String)[pri:0, instance:com.khanghv.testng.NewEmptyJUnitTest@74a10858]" started-at="2020-11-10T08:29:54Z" name="testLogin" data-provider="Authencate" finished-at="2020-11-10T08:29:54Z" duration-ms="0" status="SKIP">
          <params>
            <param index="0">
              <value>
                <![CDATA[null]]>
              </value>
            </param>
            <param index="1">
              <value>
                <![CDATA[Hoang]]>
              </value>
            </param>
            <param index="2">
              <value>
                <![CDATA[ducnt@gmail.com]]>
              </value>
            </param>
            <param index="3">
              <value>
                <![CDATA[0154895633]]>
              </value>
            </param>
            <param index="4">
              <value>
                <![CDATA[06-Nov-2000]]>
              </value>
            </param>
            <param index="5">
              <value>
                <![CDATA[Qu?n 5]]>
              </value>
            </param>
            <param index="6">
              <value>
                <![CDATA[C:\Users\USER\Desktop\103981568_565350744420432_7391090614746833787_n.jpg]]>
              </value>
            </param>
            <param index="7">
              <value>
                <![CDATA[sacczx]]>
              </value>
            </param>
            <param index="8">
              <value>
                <![CDATA[M]]>
              </value>
            </param>
            <param index="9">
              <value>
                <![CDATA[SRM]]>
              </value>
            </param>
            <param index="10">
              <value>
                <![CDATA[S]]>
              </value>
            </param>
            <param index="11">
              <value>
                <![CDATA[Kar]]>
              </value>
            </param>
          </params>
          <reporter-output>
          </reporter-output>
        </test-method> <!-- testLogin -->
        <test-method is-config="true" signature="tearDownMethod()[pri:0, instance:com.khanghv.testng.NewEmptyJUnitTest@74a10858]" started-at="2020-11-10T08:29:54Z" name="tearDownMethod" finished-at="2020-11-10T08:29:54Z" duration-ms="0" status="SKIP">
          <reporter-output>
          </reporter-output>
        </test-method> <!-- tearDownMethod -->
        <test-method is-config="true" signature="tearDownMethod()[pri:0, instance:com.khanghv.testng.NewEmptyJUnitTest@74a10858]" started-at="2020-11-10T08:29:54Z" name="tearDownMethod" finished-at="2020-11-10T08:29:54Z" duration-ms="0" status="SKIP">
          <reporter-output>
          </reporter-output>
        </test-method> <!-- tearDownMethod -->
        <test-method is-config="true" signature="setUpMethod()[pri:0, instance:com.khanghv.testng.NewEmptyJUnitTest@74a10858]" started-at="2020-11-10T08:29:54Z" name="setUpMethod" finished-at="2020-11-10T08:29:54Z" duration-ms="0" status="SKIP">
          <reporter-output>
          </reporter-output>
        </test-method> <!-- setUpMethod -->
        <test-method signature="testLogin(java.lang.String, java.lang.String, java.lang.String, java.lang.String, java.lang.String, java.lang.String, java.lang.String, java.lang.String, java.lang.String, java.lang.String, java.lang.String, java.lang.String)[pri:0, instance:com.khanghv.testng.NewEmptyJUnitTest@74a10858]" started-at="2020-11-10T08:29:54Z" name="testLogin" data-provider="Authencate" finished-at="2020-11-10T08:29:54Z" duration-ms="0" status="SKIP">
          <params>
            <param index="0">
              <value>
                <![CDATA[Khoi]]>
              </value>
            </param>
            <param index="1">
              <value>
                <![CDATA[null]]>
              </value>
            </param>
            <param index="2">
              <value>
                <![CDATA[ducnt@gmail.com]]>
              </value>
            </param>
            <param index="3">
              <value>
                <![CDATA[0154895634]]>
              </value>
            </param>
            <param index="4">
              <value>
                <![CDATA[07-Jun-2000]]>
              </value>
            </param>
            <param index="5">
              <value>
                <![CDATA[Qu?n 6]]>
              </value>
            </param>
            <param index="6">
              <value>
                <![CDATA[Avasd.jpg]]>
              </value>
            </param>
            <param index="7">
              <value>
                <![CDATA[CS]]>
              </value>
            </param>
            <param index="8">
              <value>
                <![CDATA[M]]>
              </value>
            </param>
            <param index="9">
              <value>
                <![CDATA[RM]]>
              </value>
            </param>
            <param index="10">
              <value>
                <![CDATA[Har]]>
              </value>
            </param>
            <param index="11">
              <value>
                <![CDATA[Z]]>
              </value>
            </param>
          </params>
          <reporter-output>
          </reporter-output>
        </test-method> <!-- testLogin -->
        <test-method is-config="true" signature="setUpMethod()[pri:0, instance:com.khanghv.testng.NewEmptyJUnitTest@74a10858]" started-at="2020-11-10T08:29:54Z" name="setUpMethod" finished-at="2020-11-10T08:29:54Z" duration-ms="0" status="SKIP">
          <reporter-output>
          </reporter-output>
        </test-method> <!-- setUpMethod -->
        <test-method signature="testLogin(java.lang.String, java.lang.String, java.lang.String, java.lang.String, java.lang.String, java.lang.String, java.lang.String, java.lang.String, java.lang.String, java.lang.String, java.lang.String, java.lang.String)[pri:0, instance:com.khanghv.testng.NewEmptyJUnitTest@74a10858]" started-at="2020-11-10T08:29:54Z" name="testLogin" data-provider="Authencate" finished-at="2020-11-10T08:29:54Z" duration-ms="0" status="SKIP">
          <params>
            <param index="0">
              <value>
                <![CDATA[Duc]]>
              </value>
            </param>
            <param index="1">
              <value>
                <![CDATA[Ngo]]>
              </value>
            </param>
            <param index="2">
              <value>
                <![CDATA[ducnt@gmail.com]]>
              </value>
            </param>
            <param index="3">
              <value>
                <![CDATA[0154895632]]>
              </value>
            </param>
            <param index="4">
              <value>
                <![CDATA[05-Jul-2000]]>
              </value>
            </param>
            <param index="5">
              <value>
                <![CDATA[Qu?n 4]]>
              </value>
            </param>
            <param index="6">
              <value>
                <![CDATA[C:\Users\USER\Desktop\103981568_565350744420432_7391090614746833787_n.jpg]]>
              </value>
            </param>
            <param index="7">
              <value>
                <![CDATA[Art]]>
              </value>
            </param>
            <param index="8">
              <value>
                <![CDATA[O]]>
              </value>
            </param>
            <param index="9">
              <value>
                <![CDATA[RM]]>
              </value>
            </param>
            <param index="10">
              <value>
                <![CDATA[Har]]>
              </value>
            </param>
            <param index="11">
              <value>
                <![CDATA[Kar]]>
              </value>
            </param>
          </params>
          <reporter-output>
          </reporter-output>
        </test-method> <!-- testLogin -->
        <test-method is-config="true" signature="setUpMethod()[pri:0, instance:com.khanghv.testng.NewEmptyJUnitTest@74a10858]" started-at="2020-11-10T08:29:54Z" name="setUpMethod" finished-at="2020-11-10T08:29:54Z" duration-ms="0" status="SKIP">
          <reporter-output>
          </reporter-output>
        </test-method> <!-- setUpMethod -->
        <test-method is-config="true" signature="tearDownMethod()[pri:0, instance:com.khanghv.testng.NewEmptyJUnitTest@74a10858]" started-at="2020-11-10T08:29:54Z" name="tearDownMethod" finished-at="2020-11-10T08:29:54Z" duration-ms="0" status="SKIP">
          <reporter-output>
          </reporter-output>
        </test-method> <!-- tearDownMethod -->
        <test-method signature="testLogin(java.lang.String, java.lang.String, java.lang.String, java.lang.String, java.lang.String, java.lang.String, java.lang.String, java.lang.String, java.lang.String, java.lang.String, java.lang.String, java.lang.String)[pri:0, instance:com.khanghv.testng.NewEmptyJUnitTest@74a10858]" started-at="2020-11-10T08:29:54Z" name="testLogin" data-provider="Authencate" finished-at="2020-11-10T08:29:54Z" duration-ms="0" status="SKIP">
          <params>
            <param index="0">
              <value>
                <![CDATA[Tanjiro]]>
              </value>
            </param>
            <param index="1">
              <value>
                <![CDATA[Bui]]>
              </value>
            </param>
            <param index="2">
              <value>
                <![CDATA[puipui]]>
              </value>
            </param>
            <param index="3">
              <value>
                <![CDATA[null]]>
              </value>
            </param>
            <param index="4">
              <value>
                <![CDATA[09-Jun-2000]]>
              </value>
            </param>
            <param index="5">
              <value>
                <![CDATA[Qu?n 8]]>
              </value>
            </param>
            <param index="6">
              <value>
                <![CDATA[C:\Users\USER\Desktop\103981568_565350744420432_7391090614746833787_n.jpg]]>
              </value>
            </param>
            <param index="7">
              <value>
                <![CDATA[Eng]]>
              </value>
            </param>
            <param index="8">
              <value>
                <![CDATA[F]]>
              </value>
            </param>
            <param index="9">
              <value>
                <![CDATA[RM]]>
              </value>
            </param>
            <param index="10">
              <value>
                <![CDATA[Q]]>
              </value>
            </param>
            <param index="11">
              <value>
                <![CDATA[Kar]]>
              </value>
            </param>
          </params>
          <reporter-output>
          </reporter-output>
        </test-method> <!-- testLogin -->
        <test-method is-config="true" signature="setUpMethod()[pri:0, instance:com.khanghv.testng.NewEmptyJUnitTest@74a10858]" started-at="2020-11-10T08:29:54Z" name="setUpMethod" finished-at="2020-11-10T08:29:54Z" duration-ms="0" status="SKIP">
          <reporter-output>
          </reporter-output>
        </test-method> <!-- setUpMethod -->
        <test-method is-config="true" signature="tearDownMethod()[pri:0, instance:com.khanghv.testng.NewEmptyJUnitTest@74a10858]" started-at="2020-11-10T08:29:54Z" name="tearDownMethod" finished-at="2020-11-10T08:29:54Z" duration-ms="0" status="SKIP">
          <reporter-output>
          </reporter-output>
        </test-method> <!-- tearDownMethod -->
        <test-method signature="testLogin(java.lang.String, java.lang.String, java.lang.String, java.lang.String, java.lang.String, java.lang.String, java.lang.String, java.lang.String, java.lang.String, java.lang.String, java.lang.String, java.lang.String)[pri:0, instance:com.khanghv.testng.NewEmptyJUnitTest@74a10858]" started-at="2020-11-10T08:29:54Z" name="testLogin" data-provider="Authencate" finished-at="2020-11-10T08:29:54Z" duration-ms="0" status="SKIP">
          <params>
            <param index="0">
              <value>
                <![CDATA[Bui]]>
              </value>
            </param>
            <param index="1">
              <value>
                <![CDATA[Khoi]]>
              </value>
            </param>
            <param index="2">
              <value>
                <![CDATA[null]]>
              </value>
            </param>
            <param index="3">
              <value>
                <![CDATA[0154895635]]>
              </value>
            </param>
            <param index="4">
              <value>
                <![CDATA[ADSSC]]>
              </value>
            </param>
            <param index="5">
              <value>
                <![CDATA[Qu?n 7]]>
              </value>
            </param>
            <param index="6">
              <value>
                <![CDATA[C:\Users\USER\Desktop\103981568_565350744420432_7391090614746833787_n.jpg]]>
              </value>
            </param>
            <param index="7">
              <value>
                <![CDATA[null]]>
              </value>
            </param>
            <param index="8">
              <value>
                <![CDATA[O]]>
              </value>
            </param>
            <param index="9">
              <value>
                <![CDATA[A]]>
              </value>
            </param>
            <param index="10">
              <value>
                <![CDATA[Har]]>
              </value>
            </param>
            <param index="11">
              <value>
                <![CDATA[Kar]]>
              </value>
            </param>
          </params>
          <reporter-output>
          </reporter-output>
        </test-method> <!-- testLogin -->
        <test-method is-config="true" signature="tearDownMethod()[pri:0, instance:com.khanghv.testng.NewEmptyJUnitTest@74a10858]" started-at="2020-11-10T08:29:54Z" name="tearDownMethod" finished-at="2020-11-10T08:29:54Z" duration-ms="0" status="SKIP">
          <reporter-output>
          </reporter-output>
        </test-method> <!-- tearDownMethod -->
        <test-method is-config="true" signature="setUpMethod()[pri:0, instance:com.khanghv.testng.NewEmptyJUnitTest@74a10858]" started-at="2020-11-10T08:29:54Z" name="setUpMethod" finished-at="2020-11-10T08:29:54Z" duration-ms="0" status="SKIP">
          <reporter-output>
          </reporter-output>
        </test-method> <!-- setUpMethod -->
        <test-method is-config="true" signature="tearDownMethod()[pri:0, instance:com.khanghv.testng.NewEmptyJUnitTest@74a10858]" started-at="2020-11-10T08:29:54Z" name="tearDownMethod" finished-at="2020-11-10T08:29:54Z" duration-ms="0" status="SKIP">
          <reporter-output>
          </reporter-output>
        </test-method> <!-- tearDownMethod -->
        <test-method signature="testLogin(java.lang.String, java.lang.String, java.lang.String, java.lang.String, java.lang.String, java.lang.String, java.lang.String, java.lang.String, java.lang.String, java.lang.String, java.lang.String, java.lang.String)[pri:0, instance:com.khanghv.testng.NewEmptyJUnitTest@74a10858]" started-at="2020-11-10T08:29:54Z" name="testLogin" data-provider="Authencate" finished-at="2020-11-10T08:29:54Z" duration-ms="0" status="SKIP">
          <params>
            <param index="0">
              <value>
                <![CDATA[Jonathan]]>
              </value>
            </param>
            <param index="1">
              <value>
                <![CDATA[Joestar]]>
              </value>
            </param>
            <param index="2">
              <value>
                <![CDATA[trungga@ft.vn]]>
              </value>
            </param>
            <param index="3">
              <value>
                <![CDATA[abc]]>
              </value>
            </param>
            <param index="4">
              <value>
                <![CDATA[11-Jun-2000]]>
              </value>
            </param>
            <param index="5">
              <value>
                <![CDATA[null]]>
              </value>
            </param>
            <param index="6">
              <value>
                <![CDATA[C:\Users\USER\Desktop\103981568_565350744420432_7391090614746833787_n.jpg]]>
              </value>
            </param>
            <param index="7">
              <value>
                <![CDATA[Acc]]>
              </value>
            </param>
            <param index="8">
              <value>
                <![CDATA[M]]>
              </value>
            </param>
            <param index="9">
              <value>
                <![CDATA[S]]>
              </value>
            </param>
            <param index="10">
              <value>
                <![CDATA[L]]>
              </value>
            </param>
            <param index="11">
              <value>
                <![CDATA[B]]>
              </value>
            </param>
          </params>
          <reporter-output>
          </reporter-output>
        </test-method> <!-- testLogin -->
        <test-method is-config="true" signature="tearDownMethod()[pri:0, instance:com.khanghv.testng.NewEmptyJUnitTest@74a10858]" started-at="2020-11-10T08:29:54Z" name="tearDownMethod" finished-at="2020-11-10T08:29:54Z" duration-ms="0" status="SKIP">
          <reporter-output>
          </reporter-output>
        </test-method> <!-- tearDownMethod -->
        <test-method is-config="true" signature="setUpMethod()[pri:0, instance:com.khanghv.testng.NewEmptyJUnitTest@74a10858]" started-at="2020-11-10T08:29:54Z" name="setUpMethod" finished-at="2020-11-10T08:29:54Z" duration-ms="0" status="SKIP">
          <reporter-output>
          </reporter-output>
        </test-method> <!-- setUpMethod -->
        <test-method signature="testLogin(java.lang.String, java.lang.String, java.lang.String, java.lang.String, java.lang.String, java.lang.String, java.lang.String, java.lang.String, java.lang.String, java.lang.String, java.lang.String, java.lang.String)[pri:0, instance:com.khanghv.testng.NewEmptyJUnitTest@74a10858]" started-at="2020-11-10T08:29:54Z" name="testLogin" data-provider="Authencate" finished-at="2020-11-10T08:29:54Z" duration-ms="0" status="SKIP">
          <params>
            <param index="0">
              <value>
                <![CDATA[Kira]]>
              </value>
            </param>
            <param index="1">
              <value>
                <![CDATA[Yoshikage]]>
              </value>
            </param>
            <param index="2">
              <value>
                <![CDATA[yuno@gmail.com]]>
              </value>
            </param>
            <param index="3">
              <value>
                <![CDATA[0154895637]]>
              </value>
            </param>
            <param index="4">
              <value>
                <![CDATA[null]]>
              </value>
            </param>
            <param index="5">
              <value>
                <![CDATA[Qu?n 9]]>
              </value>
            </param>
            <param index="6">
              <value>
                <![CDATA[C:\Users\USER\Desktop\103981568_565350744420432_7391090614746833787_n.jpg]]>
              </value>
            </param>
            <param index="7">
              <value>
                <![CDATA[null]]>
              </value>
            </param>
            <param index="8">
              <value>
                <![CDATA[O]]>
              </value>
            </param>
            <param index="9">
              <value>
                <![CDATA[R]]>
              </value>
            </param>
            <param index="10">
              <value>
                <![CDATA[Har]]>
              </value>
            </param>
            <param index="11">
              <value>
                <![CDATA[Kar]]>
              </value>
            </param>
          </params>
          <reporter-output>
          </reporter-output>
        </test-method> <!-- testLogin -->
        <test-method is-config="true" signature="setUpMethod()[pri:0, instance:com.khanghv.testng.NewEmptyJUnitTest@74a10858]" started-at="2020-11-10T08:29:54Z" name="setUpMethod" finished-at="2020-11-10T08:29:54Z" duration-ms="0" status="SKIP">
          <reporter-output>
          </reporter-output>
        </test-method> <!-- setUpMethod -->
        <test-method signature="testLogin(java.lang.String, java.lang.String, java.lang.String, java.lang.String, java.lang.String, java.lang.String, java.lang.String, java.lang.String, java.lang.String, java.lang.String, java.lang.String, java.lang.String)[pri:0, instance:com.khanghv.testng.NewEmptyJUnitTest@74a10858]" started-at="2020-11-10T08:29:54Z" name="testLogin" data-provider="Authencate" finished-at="2020-11-10T08:29:54Z" duration-ms="0" status="SKIP">
          <params>
            <param index="0">
              <value>
                <![CDATA[123.0]]>
              </value>
            </param>
            <param index="1">
              <value>
                <![CDATA[213.0]]>
              </value>
            </param>
            <param index="2">
              <value>
                <![CDATA[trungga@ft.vn]]>
              </value>
            </param>
            <param index="3">
              <value>
                <![CDATA[0154895637]]>
              </value>
            </param>
            <param index="4">
              <value>
                <![CDATA[12-Jun-2000]]>
              </value>
            </param>
            <param index="5">
              <value>
                <![CDATA[America]]>
              </value>
            </param>
            <param index="6">
              <value>
                <![CDATA[C:\Users\USER\Desktop\103981568_565350744420432_7391090614746833787_n.jpg]]>
              </value>
            </param>
            <param index="7">
              <value>
                <![CDATA[Civics]]>
              </value>
            </param>
            <param index="8">
              <value>
                <![CDATA[M]]>
              </value>
            </param>
            <param index="9">
              <value>
                <![CDATA[S]]>
              </value>
            </param>
            <param index="10">
              <value>
                <![CDATA[L]]>
              </value>
            </param>
            <param index="11">
              <value>
                <![CDATA[B]]>
              </value>
            </param>
          </params>
          <reporter-output>
          </reporter-output>
        </test-method> <!-- testLogin -->
        <test-method is-config="true" signature="setUpMethod()[pri:0, instance:com.khanghv.testng.NewEmptyJUnitTest@74a10858]" started-at="2020-11-10T08:29:54Z" name="setUpMethod" finished-at="2020-11-10T08:29:54Z" duration-ms="0" status="SKIP">
          <reporter-output>
          </reporter-output>
        </test-method> <!-- setUpMethod -->
        <test-method signature="testLogin(java.lang.String, java.lang.String, java.lang.String, java.lang.String, java.lang.String, java.lang.String, java.lang.String, java.lang.String, java.lang.String, java.lang.String, java.lang.String, java.lang.String)[pri:0, instance:com.khanghv.testng.NewEmptyJUnitTest@74a10858]" started-at="2020-11-10T08:29:54Z" name="testLogin" data-provider="Authencate" finished-at="2020-11-10T08:29:54Z" duration-ms="1" status="SKIP">
          <params>
            <param index="0">
              <value>
                <![CDATA[Son]]>
              </value>
            </param>
            <param index="1">
              <value>
                <![CDATA[Goku]]>
              </value>
            </param>
            <param index="2">
              <value>
                <![CDATA[dio@gmail.com]]>
              </value>
            </param>
            <param index="3">
              <value>
                <![CDATA[0154895639]]>
              </value>
            </param>
            <param index="4">
              <value>
                <![CDATA[04-Jan-2000]]>
              </value>
            </param>
            <param index="5">
              <value>
                <![CDATA[Qu?n 12]]>
              </value>
            </param>
            <param index="6">
              <value>
                <![CDATA[C:\Users\USER\Desktop\103981568_565350744420432_7391090614746833787_n.jpg]]>
              </value>
            </param>
            <param index="7">
              <value>
                <![CDATA[null]]>
              </value>
            </param>
            <param index="8">
              <value>
                <![CDATA[M]]>
              </value>
            </param>
            <param index="9">
              <value>
                <![CDATA[MR]]>
              </value>
            </param>
            <param index="10">
              <value>
                <![CDATA[Har]]>
              </value>
            </param>
            <param index="11">
              <value>
                <![CDATA[Ala]]>
              </value>
            </param>
          </params>
          <reporter-output>
          </reporter-output>
        </test-method> <!-- testLogin -->
        <test-method is-config="true" signature="tearDownMethod()[pri:0, instance:com.khanghv.testng.NewEmptyJUnitTest@74a10858]" started-at="2020-11-10T08:29:54Z" name="tearDownMethod" finished-at="2020-11-10T08:29:54Z" duration-ms="0" status="SKIP">
          <reporter-output>
          </reporter-output>
        </test-method> <!-- tearDownMethod -->
        <test-method is-config="true" signature="setUpMethod()[pri:0, instance:com.khanghv.testng.NewEmptyJUnitTest@74a10858]" started-at="2020-11-10T08:29:54Z" name="setUpMethod" finished-at="2020-11-10T08:29:54Z" duration-ms="0" status="SKIP">
          <reporter-output>
          </reporter-output>
        </test-method> <!-- setUpMethod -->
        <test-method is-config="true" signature="tearDownMethod()[pri:0, instance:com.khanghv.testng.NewEmptyJUnitTest@74a10858]" started-at="2020-11-10T08:29:54Z" name="tearDownMethod" finished-at="2020-11-10T08:29:54Z" duration-ms="0" status="SKIP">
          <reporter-output>
          </reporter-output>
        </test-method> <!-- tearDownMethod -->
        <test-method signature="testLogin(java.lang.String, java.lang.String, java.lang.String, java.lang.String, java.lang.String, java.lang.String, java.lang.String, java.lang.String, java.lang.String, java.lang.String, java.lang.String, java.lang.String)[pri:0, instance:com.khanghv.testng.NewEmptyJUnitTest@74a10858]" started-at="2020-11-10T08:29:54Z" name="testLogin" data-provider="Authencate" finished-at="2020-11-10T08:29:54Z" duration-ms="0" status="SKIP">
          <params>
            <param index="0">
              <value>
                <![CDATA[Dio]]>
              </value>
            </param>
            <param index="1">
              <value>
                <![CDATA[Brando]]>
              </value>
            </param>
            <param index="2">
              <value>
                <![CDATA[dio@gmail.com]]>
              </value>
            </param>
            <param index="3">
              <value>
                <![CDATA[0154895638]]>
              </value>
            </param>
            <param index="4">
              <value>
                <![CDATA[Test]]>
              </value>
            </param>
            <param index="5">
              <value>
                <![CDATA[Qu?n 11]]>
              </value>
            </param>
            <param index="6">
              <value>
                <![CDATA[C:\Users\USER\Desktop\103981568_565350744420432_7391090614746833787_n.jpg]]>
              </value>
            </param>
            <param index="7">
              <value>
                <![CDATA[Hin]]>
              </value>
            </param>
            <param index="8">
              <value>
                <![CDATA[M]]>
              </value>
            </param>
            <param index="9">
              <value>
                <![CDATA[SM]]>
              </value>
            </param>
            <param index="10">
              <value>
                <![CDATA[Har]]>
              </value>
            </param>
            <param index="11">
              <value>
                <![CDATA[B]]>
              </value>
            </param>
          </params>
          <reporter-output>
          </reporter-output>
        </test-method> <!-- testLogin -->
        <test-method is-config="true" signature="tearDownMethod()[pri:0, instance:com.khanghv.testng.NewEmptyJUnitTest@74a10858]" started-at="2020-11-10T08:29:54Z" name="tearDownMethod" finished-at="2020-11-10T08:29:54Z" duration-ms="0" status="SKIP">
          <reporter-output>
          </reporter-output>
        </test-method> <!-- tearDownMethod -->
      </class> <!-- com.khanghv.testng.NewEmptyJUnitTest -->
    </test> <!-- Command line test -->
  </suite> <!-- com.khanghv.testng.NewEmptyJUnitTest -->
</testng-results>
