<html>
<head>
<title>TestNG:  Command line test</title>
<link href="../testng.css" rel="stylesheet" type="text/css" />
<link href="../my-testng.css" rel="stylesheet" type="text/css" />

<style type="text/css">
.log { display: none;} 
.stack-trace { display: none;} 
</style>
<script type="text/javascript">
<!--
function flip(e) {
  current = e.style.display;
  if (current == 'block') {
    e.style.display = 'none';
    return 0;
  }
  else {
    e.style.display = 'block';
    return 1;
  }
}

function toggleBox(szDivId, elem, msg1, msg2)
{
  var res = -1;  if (document.getElementById) {
    res = flip(document.getElementById(szDivId));
  }
  else if (document.all) {
    // this is the way old msie versions work
    res = flip(document.all[szDivId]);
  }
  if(elem) {
    if(res == 0) elem.innerHTML = msg1; else elem.innerHTML = msg2;
  }

}

function toggleAllBoxes() {
  if (document.getElementsByTagName) {
    d = document.getElementsByTagName('div');
    for (i = 0; i < d.length; i++) {
      if (d[i].className == 'log') {
        flip(d[i]);
      }
    }
  }
}

// -->
</script>

</head>
<body>
<h2 align='center'>Command line test</h2><table border='1' align="center">
<tr>
<td>Tests passed/Failed/Skipped:</td><td>0/2/10</td>
</tr><tr>
<td>Started on:</td><td>Tue Nov 10 08:27:49 ICT 2020</td>
</tr>
<tr><td>Total time:</td><td>124 seconds (124859 ms)</td>
</tr><tr>
<td>Included groups:</td><td></td>
</tr><tr>
<td>Excluded groups:</td><td></td>
</tr>
</table><p/>
<small><i>(Hover the method name to see the test class name)</i></small><p/>
<table width='100%' border='1' class='invocation-failed'>
<tr><td colspan='4' align='center'><b>FAILED CONFIGURATIONS</b></td></tr>
<tr><td><b>Test method</b></td>
<td width="30%"><b>Exception</b></td>
<td width="10%"><b>Time (seconds)</b></td>
<td><b>Instance</b></td>
</tr>
<tr>
<td title='com.khanghv.testng.NewEmptyJUnitTest.tearDownMethod()'><b>tearDownMethod</b><br>Test class: com.khanghv.testng.NewEmptyJUnitTest</td>
<td><div><pre>org.openqa.selenium.WebDriverException: chrome not reachable
  (Session info: chrome=86.0.4240.183)
Build info: version: &apos;4.0.0-alpha-6&apos;, revision: &apos;5f43a29cfc&apos;
System info: host: &apos;SE140097&apos;, ip: &apos;192.168.217.1&apos;, os.name: &apos;Windows 10&apos;, os.arch: &apos;amd64&apos;, os.version: &apos;10.0&apos;, java.version: &apos;12.0.1&apos;
Driver info: org.openqa.selenium.chrome.ChromeDriver
Capabilities {acceptInsecureCerts: false, browserName: chrome, browserVersion: 86.0.4240.183, chrome: {chromedriverVersion: 86.0.4240.22 (398b0743353ff..., userDataDir: C:\Users\USER\AppData\Local...}, goog:chromeOptions: {debuggerAddress: localhost:54176}, javascriptEnabled: true, networkConnectionEnabled: false, pageLoadStrategy: normal, platform: WINDOWS, platformName: WINDOWS, proxy: Proxy(), setWindowRect: true, strictFileInteractability: false, timeouts: {implicit: 0, pageLoad: 300000, script: 30000}, unhandledPromptBehavior: dismiss and notify, webauthn:virtualAuthenticators: true}
Session ID: 40102c6249553f5bcf12812b7a3275b9
	at org.openqa.selenium.remote.codec.w3c.W3CHttpResponseCodec.createException(W3CHttpResponseCodec.java:196)
	at org.openqa.selenium.remote.codec.w3c.W3CHttpResponseCodec.decode(W3CHttpResponseCodec.java:129)
	at org.openqa.selenium.remote.codec.w3c.W3CHttpResponseCodec.decode(W3CHttpResponseCodec.java:53)
	at org.openqa.selenium.remote.HttpCommandExecutor.execute(HttpCommandExecutor.java:160)
	at org.openqa.selenium.remote.service.DriverCommandExecutor.execute(DriverCommandExecutor.java:83)
	at org.openqa.selenium.remote.RemoteWebDriver.execute(RemoteWebDriver.java:582)
	at org.openqa.selenium.remote.RemoteWebDriver.execute(RemoteWebDriver.java:639)
	at org.openqa.selenium.remote.RemoteWebDriver.execute(RemoteWebDriver.java:643)
	at org.openqa.selenium.remote.RemoteWebDriver.close(RemoteWebDriver.java:468)
	at com.khanghv.testng.NewEmptyJUnitTest.tearDownMethod(NewEmptyJUnitTest.java:253)
... Removed 40 stack frames</pre></div><a href='#' onClick='toggleBox("stack-trace1640244246", this, "Click to show all stack frames", "Click to hide stack frames")'>Click to show all stack frames</a>
<div class='stack-trace' id='stack-trace1640244246'><pre>org.openqa.selenium.WebDriverException: chrome not reachable
  (Session info: chrome=86.0.4240.183)
Build info: version: &apos;4.0.0-alpha-6&apos;, revision: &apos;5f43a29cfc&apos;
System info: host: &apos;SE140097&apos;, ip: &apos;192.168.217.1&apos;, os.name: &apos;Windows 10&apos;, os.arch: &apos;amd64&apos;, os.version: &apos;10.0&apos;, java.version: &apos;12.0.1&apos;
Driver info: org.openqa.selenium.chrome.ChromeDriver
Capabilities {acceptInsecureCerts: false, browserName: chrome, browserVersion: 86.0.4240.183, chrome: {chromedriverVersion: 86.0.4240.22 (398b0743353ff..., userDataDir: C:\Users\USER\AppData\Local...}, goog:chromeOptions: {debuggerAddress: localhost:54176}, javascriptEnabled: true, networkConnectionEnabled: false, pageLoadStrategy: normal, platform: WINDOWS, platformName: WINDOWS, proxy: Proxy(), setWindowRect: true, strictFileInteractability: false, timeouts: {implicit: 0, pageLoad: 300000, script: 30000}, unhandledPromptBehavior: dismiss and notify, webauthn:virtualAuthenticators: true}
Session ID: 40102c6249553f5bcf12812b7a3275b9
	at java.base/jdk.internal.reflect.NativeConstructorAccessorImpl.newInstance0(Native Method)
	at java.base/jdk.internal.reflect.NativeConstructorAccessorImpl.newInstance(NativeConstructorAccessorImpl.java:62)
	at java.base/jdk.internal.reflect.DelegatingConstructorAccessorImpl.newInstance(DelegatingConstructorAccessorImpl.java:45)
	at java.base/java.lang.reflect.Constructor.newInstanceWithCaller(Constructor.java:500)
	at java.base/java.lang.reflect.Constructor.newInstance(Constructor.java:481)
	at org.openqa.selenium.remote.codec.w3c.W3CHttpResponseCodec.createException(W3CHttpResponseCodec.java:196)
	at org.openqa.selenium.remote.codec.w3c.W3CHttpResponseCodec.decode(W3CHttpResponseCodec.java:129)
	at org.openqa.selenium.remote.codec.w3c.W3CHttpResponseCodec.decode(W3CHttpResponseCodec.java:53)
	at org.openqa.selenium.remote.HttpCommandExecutor.execute(HttpCommandExecutor.java:160)
	at org.openqa.selenium.remote.service.DriverCommandExecutor.execute(DriverCommandExecutor.java:83)
	at org.openqa.selenium.remote.RemoteWebDriver.execute(RemoteWebDriver.java:582)
	at org.openqa.selenium.remote.RemoteWebDriver.execute(RemoteWebDriver.java:639)
	at org.openqa.selenium.remote.RemoteWebDriver.execute(RemoteWebDriver.java:643)
	at org.openqa.selenium.remote.RemoteWebDriver.close(RemoteWebDriver.java:468)
	at com.khanghv.testng.NewEmptyJUnitTest.tearDownMethod(NewEmptyJUnitTest.java:253)
	at java.base/jdk.internal.reflect.NativeMethodAccessorImpl.invoke0(Native Method)
	at java.base/jdk.internal.reflect.NativeMethodAccessorImpl.invoke(NativeMethodAccessorImpl.java:62)
	at java.base/jdk.internal.reflect.DelegatingMethodAccessorImpl.invoke(DelegatingMethodAccessorImpl.java:43)
	at java.base/java.lang.reflect.Method.invoke(Method.java:567)
	at org.testng.internal.MethodInvocationHelper.invokeMethod(MethodInvocationHelper.java:84)
	at org.testng.internal.Invoker.invokeConfigurationMethod(Invoker.java:564)
	at org.testng.internal.Invoker.invokeConfigurations(Invoker.java:213)
	at org.testng.internal.Invoker.invokeMethod(Invoker.java:786)
	at org.testng.internal.Invoker.invokeTestMethod(Invoker.java:901)
	at org.testng.internal.Invoker.invokeTestMethods(Invoker.java:1231)
	at org.testng.internal.TestMethodWorker.invokeTestMethods(TestMethodWorker.java:127)
	at org.testng.internal.TestMethodWorker.run(TestMethodWorker.java:111)
	at org.testng.TestRunner.privateRun(TestRunner.java:767)
	at org.testng.TestRunner.run(TestRunner.java:617)
	at org.testng.SuiteRunner.runTest(SuiteRunner.java:334)
	at org.testng.SuiteRunner.runSequentially(SuiteRunner.java:329)
	at org.testng.SuiteRunner.privateRun(SuiteRunner.java:291)
	at org.testng.SuiteRunner.run(SuiteRunner.java:240)
	at org.testng.SuiteRunnerWorker.runSuite(SuiteRunnerWorker.java:52)
	at org.testng.SuiteRunnerWorker.run(SuiteRunnerWorker.java:86)
	at org.testng.TestNG.runSuitesSequentially(TestNG.java:1224)
	at org.testng.TestNG.runSuitesLocally(TestNG.java:1149)
	at org.testng.TestNG.run(TestNG.java:1057)
	at org.apache.maven.surefire.testng.TestNGExecutor.run(TestNGExecutor.java:77)
	at org.apache.maven.surefire.testng.TestNGDirectoryTestSuite.execute(TestNGDirectoryTestSuite.java:110)
	at org.apache.maven.surefire.testng.TestNGProvider.invoke(TestNGProvider.java:106)
	at java.base/jdk.internal.reflect.NativeMethodAccessorImpl.invoke0(Native Method)
	at java.base/jdk.internal.reflect.NativeMethodAccessorImpl.invoke(NativeMethodAccessorImpl.java:62)
	at java.base/jdk.internal.reflect.DelegatingMethodAccessorImpl.invoke(DelegatingMethodAccessorImpl.java:43)
	at java.base/java.lang.reflect.Method.invoke(Method.java:567)
	at org.apache.maven.surefire.util.ReflectionUtils.invokeMethodWithArray(ReflectionUtils.java:189)
	at org.apache.maven.surefire.booter.ProviderFactory$ProviderProxy.invoke(ProviderFactory.java:165)
	at org.apache.maven.surefire.booter.ProviderFactory.invokeProvider(ProviderFactory.java:85)
	at org.apache.maven.surefire.booter.ForkedBooter.runSuitesInProcess(ForkedBooter.java:115)
	at org.apache.maven.surefire.booter.ForkedBooter.main(ForkedBooter.java:75)
</pre></div></td>
<td>0</td>
<td>com.khanghv.testng.NewEmptyJUnitTest@74a10858</td></tr>
</table><p>
<table width='100%' border='1' class='invocation-skipped'>
<tr><td colspan='4' align='center'><b>SKIPPED CONFIGURATIONS</b></td></tr>
<tr><td><b>Test method</b></td>
<td width="30%"><b>Exception</b></td>
<td width="10%"><b>Time (seconds)</b></td>
<td><b>Instance</b></td>
</tr>
<tr>
<td title='com.khanghv.testng.NewEmptyJUnitTest.setUpMethod()'><b>setUpMethod</b><br>Test class: com.khanghv.testng.NewEmptyJUnitTest</td>
<td></td>
<td>0</td>
<td>com.khanghv.testng.NewEmptyJUnitTest@74a10858</td></tr>
<tr>
<td title='com.khanghv.testng.NewEmptyJUnitTest.setUpMethod()'><b>setUpMethod</b><br>Test class: com.khanghv.testng.NewEmptyJUnitTest</td>
<td></td>
<td>0</td>
<td>com.khanghv.testng.NewEmptyJUnitTest@74a10858</td></tr>
<tr>
<td title='com.khanghv.testng.NewEmptyJUnitTest.setUpMethod()'><b>setUpMethod</b><br>Test class: com.khanghv.testng.NewEmptyJUnitTest</td>
<td></td>
<td>0</td>
<td>com.khanghv.testng.NewEmptyJUnitTest@74a10858</td></tr>
<tr>
<td title='com.khanghv.testng.NewEmptyJUnitTest.setUpMethod()'><b>setUpMethod</b><br>Test class: com.khanghv.testng.NewEmptyJUnitTest</td>
<td></td>
<td>0</td>
<td>com.khanghv.testng.NewEmptyJUnitTest@74a10858</td></tr>
<tr>
<td title='com.khanghv.testng.NewEmptyJUnitTest.setUpMethod()'><b>setUpMethod</b><br>Test class: com.khanghv.testng.NewEmptyJUnitTest</td>
<td></td>
<td>0</td>
<td>com.khanghv.testng.NewEmptyJUnitTest@74a10858</td></tr>
<tr>
<td title='com.khanghv.testng.NewEmptyJUnitTest.setUpMethod()'><b>setUpMethod</b><br>Test class: com.khanghv.testng.NewEmptyJUnitTest</td>
<td></td>
<td>0</td>
<td>com.khanghv.testng.NewEmptyJUnitTest@74a10858</td></tr>
<tr>
<td title='com.khanghv.testng.NewEmptyJUnitTest.setUpMethod()'><b>setUpMethod</b><br>Test class: com.khanghv.testng.NewEmptyJUnitTest</td>
<td></td>
<td>0</td>
<td>com.khanghv.testng.NewEmptyJUnitTest@74a10858</td></tr>
<tr>
<td title='com.khanghv.testng.NewEmptyJUnitTest.setUpMethod()'><b>setUpMethod</b><br>Test class: com.khanghv.testng.NewEmptyJUnitTest</td>
<td></td>
<td>0</td>
<td>com.khanghv.testng.NewEmptyJUnitTest@74a10858</td></tr>
<tr>
<td title='com.khanghv.testng.NewEmptyJUnitTest.setUpMethod()'><b>setUpMethod</b><br>Test class: com.khanghv.testng.NewEmptyJUnitTest</td>
<td></td>
<td>0</td>
<td>com.khanghv.testng.NewEmptyJUnitTest@74a10858</td></tr>
<tr>
<td title='com.khanghv.testng.NewEmptyJUnitTest.setUpMethod()'><b>setUpMethod</b><br>Test class: com.khanghv.testng.NewEmptyJUnitTest</td>
<td></td>
<td>0</td>
<td>com.khanghv.testng.NewEmptyJUnitTest@74a10858</td></tr>
<tr>
<td title='com.khanghv.testng.NewEmptyJUnitTest.tearDownMethod()'><b>tearDownMethod</b><br>Test class: com.khanghv.testng.NewEmptyJUnitTest</td>
<td></td>
<td>0</td>
<td>com.khanghv.testng.NewEmptyJUnitTest@74a10858</td></tr>
<tr>
<td title='com.khanghv.testng.NewEmptyJUnitTest.tearDownMethod()'><b>tearDownMethod</b><br>Test class: com.khanghv.testng.NewEmptyJUnitTest</td>
<td></td>
<td>0</td>
<td>com.khanghv.testng.NewEmptyJUnitTest@74a10858</td></tr>
<tr>
<td title='com.khanghv.testng.NewEmptyJUnitTest.tearDownMethod()'><b>tearDownMethod</b><br>Test class: com.khanghv.testng.NewEmptyJUnitTest</td>
<td></td>
<td>0</td>
<td>com.khanghv.testng.NewEmptyJUnitTest@74a10858</td></tr>
<tr>
<td title='com.khanghv.testng.NewEmptyJUnitTest.tearDownMethod()'><b>tearDownMethod</b><br>Test class: com.khanghv.testng.NewEmptyJUnitTest</td>
<td></td>
<td>0</td>
<td>com.khanghv.testng.NewEmptyJUnitTest@74a10858</td></tr>
<tr>
<td title='com.khanghv.testng.NewEmptyJUnitTest.tearDownMethod()'><b>tearDownMethod</b><br>Test class: com.khanghv.testng.NewEmptyJUnitTest</td>
<td></td>
<td>0</td>
<td>com.khanghv.testng.NewEmptyJUnitTest@74a10858</td></tr>
<tr>
<td title='com.khanghv.testng.NewEmptyJUnitTest.tearDownMethod()'><b>tearDownMethod</b><br>Test class: com.khanghv.testng.NewEmptyJUnitTest</td>
<td></td>
<td>0</td>
<td>com.khanghv.testng.NewEmptyJUnitTest@74a10858</td></tr>
<tr>
<td title='com.khanghv.testng.NewEmptyJUnitTest.tearDownMethod()'><b>tearDownMethod</b><br>Test class: com.khanghv.testng.NewEmptyJUnitTest</td>
<td></td>
<td>0</td>
<td>com.khanghv.testng.NewEmptyJUnitTest@74a10858</td></tr>
<tr>
<td title='com.khanghv.testng.NewEmptyJUnitTest.tearDownMethod()'><b>tearDownMethod</b><br>Test class: com.khanghv.testng.NewEmptyJUnitTest</td>
<td></td>
<td>0</td>
<td>com.khanghv.testng.NewEmptyJUnitTest@74a10858</td></tr>
<tr>
<td title='com.khanghv.testng.NewEmptyJUnitTest.tearDownMethod()'><b>tearDownMethod</b><br>Test class: com.khanghv.testng.NewEmptyJUnitTest</td>
<td></td>
<td>0</td>
<td>com.khanghv.testng.NewEmptyJUnitTest@74a10858</td></tr>
<tr>
<td title='com.khanghv.testng.NewEmptyJUnitTest.tearDownMethod()'><b>tearDownMethod</b><br>Test class: com.khanghv.testng.NewEmptyJUnitTest</td>
<td></td>
<td>0</td>
<td>com.khanghv.testng.NewEmptyJUnitTest@74a10858</td></tr>
</table><p>
<table width='100%' border='1' class='invocation-failed'>
<tr><td colspan='4' align='center'><b>FAILED TESTS</b></td></tr>
<tr><td><b>Test method</b></td>
<td width="30%"><b>Exception</b></td>
<td width="10%"><b>Time (seconds)</b></td>
<td><b>Instance</b></td>
</tr>
<tr>
<td title='com.khanghv.testng.NewEmptyJUnitTest.testLogin()'><b>testLogin</b><br>Test class: com.khanghv.testng.NewEmptyJUnitTest<br>Parameters: Khang, Hua, beiuonepiece999@gmail.com, 03154678975, Test, Qu?n 2, C:\Users\USER\Desktop\103981568_565350744420432_7391090614746833787_n.jpg, Ma, M, SRM, ABC, Ala</td>
<td><div><pre>org.openqa.selenium.StaleElementReferenceException: stale element reference: element is not attached to the page document
  (Session info: chrome=86.0.4240.183)
For documentation on this error, please visit: https://selenium.dev/exceptions/#stale_element_reference
Build info: version: &apos;4.0.0-alpha-6&apos;, revision: &apos;5f43a29cfc&apos;
System info: host: &apos;SE140097&apos;, ip: &apos;192.168.217.1&apos;, os.name: &apos;Windows 10&apos;, os.arch: &apos;amd64&apos;, os.version: &apos;10.0&apos;, java.version: &apos;12.0.1&apos;
Driver info: org.openqa.selenium.chrome.ChromeDriver
Capabilities {acceptInsecureCerts: false, browserName: chrome, browserVersion: 86.0.4240.183, chrome: {chromedriverVersion: 86.0.4240.22 (398b0743353ff..., userDataDir: C:\Users\USER\AppData\Local...}, goog:chromeOptions: {debuggerAddress: localhost:54119}, javascriptEnabled: true, networkConnectionEnabled: false, pageLoadStrategy: normal, platform: WINDOWS, platformName: WINDOWS, proxy: Proxy(), setWindowRect: true, strictFileInteractability: false, timeouts: {implicit: 0, pageLoad: 300000, script: 30000}, unhandledPromptBehavior: dismiss and notify, webauthn:virtualAuthenticators: true}
Session ID: 35e7e95f25fd847de06b08cdbf337ce9
	at org.openqa.selenium.remote.codec.w3c.W3CHttpResponseCodec.createException(W3CHttpResponseCodec.java:196)
	at org.openqa.selenium.remote.codec.w3c.W3CHttpResponseCodec.decode(W3CHttpResponseCodec.java:129)
	at org.openqa.selenium.remote.codec.w3c.W3CHttpResponseCodec.decode(W3CHttpResponseCodec.java:53)
	at org.openqa.selenium.remote.HttpCommandExecutor.execute(HttpCommandExecutor.java:160)
	at org.openqa.selenium.remote.service.DriverCommandExecutor.execute(DriverCommandExecutor.java:83)
	at org.openqa.selenium.remote.RemoteWebDriver.execute(RemoteWebDriver.java:582)
	at org.openqa.selenium.remote.RemoteWebElement.execute(RemoteWebElement.java:316)
	at org.openqa.selenium.remote.RemoteWebElement.sendKeys(RemoteWebElement.java:115)
	at com.khanghv.testng.NewEmptyJUnitTest.testLogin(NewEmptyJUnitTest.java:135)
... Removed 38 stack frames</pre></div><a href='#' onClick='toggleBox("stack-trace1842881670", this, "Click to show all stack frames", "Click to hide stack frames")'>Click to show all stack frames</a>
<div class='stack-trace' id='stack-trace1842881670'><pre>org.openqa.selenium.StaleElementReferenceException: stale element reference: element is not attached to the page document
  (Session info: chrome=86.0.4240.183)
For documentation on this error, please visit: https://selenium.dev/exceptions/#stale_element_reference
Build info: version: &apos;4.0.0-alpha-6&apos;, revision: &apos;5f43a29cfc&apos;
System info: host: &apos;SE140097&apos;, ip: &apos;192.168.217.1&apos;, os.name: &apos;Windows 10&apos;, os.arch: &apos;amd64&apos;, os.version: &apos;10.0&apos;, java.version: &apos;12.0.1&apos;
Driver info: org.openqa.selenium.chrome.ChromeDriver
Capabilities {acceptInsecureCerts: false, browserName: chrome, browserVersion: 86.0.4240.183, chrome: {chromedriverVersion: 86.0.4240.22 (398b0743353ff..., userDataDir: C:\Users\USER\AppData\Local...}, goog:chromeOptions: {debuggerAddress: localhost:54119}, javascriptEnabled: true, networkConnectionEnabled: false, pageLoadStrategy: normal, platform: WINDOWS, platformName: WINDOWS, proxy: Proxy(), setWindowRect: true, strictFileInteractability: false, timeouts: {implicit: 0, pageLoad: 300000, script: 30000}, unhandledPromptBehavior: dismiss and notify, webauthn:virtualAuthenticators: true}
Session ID: 35e7e95f25fd847de06b08cdbf337ce9
	at java.base/jdk.internal.reflect.NativeConstructorAccessorImpl.newInstance0(Native Method)
	at java.base/jdk.internal.reflect.NativeConstructorAccessorImpl.newInstance(NativeConstructorAccessorImpl.java:62)
	at java.base/jdk.internal.reflect.DelegatingConstructorAccessorImpl.newInstance(DelegatingConstructorAccessorImpl.java:45)
	at java.base/java.lang.reflect.Constructor.newInstanceWithCaller(Constructor.java:500)
	at java.base/java.lang.reflect.Constructor.newInstance(Constructor.java:481)
	at org.openqa.selenium.remote.codec.w3c.W3CHttpResponseCodec.createException(W3CHttpResponseCodec.java:196)
	at org.openqa.selenium.remote.codec.w3c.W3CHttpResponseCodec.decode(W3CHttpResponseCodec.java:129)
	at org.openqa.selenium.remote.codec.w3c.W3CHttpResponseCodec.decode(W3CHttpResponseCodec.java:53)
	at org.openqa.selenium.remote.HttpCommandExecutor.execute(HttpCommandExecutor.java:160)
	at org.openqa.selenium.remote.service.DriverCommandExecutor.execute(DriverCommandExecutor.java:83)
	at org.openqa.selenium.remote.RemoteWebDriver.execute(RemoteWebDriver.java:582)
	at org.openqa.selenium.remote.RemoteWebElement.execute(RemoteWebElement.java:316)
	at org.openqa.selenium.remote.RemoteWebElement.sendKeys(RemoteWebElement.java:115)
	at com.khanghv.testng.NewEmptyJUnitTest.testLogin(NewEmptyJUnitTest.java:135)
	at java.base/jdk.internal.reflect.NativeMethodAccessorImpl.invoke0(Native Method)
	at java.base/jdk.internal.reflect.NativeMethodAccessorImpl.invoke(NativeMethodAccessorImpl.java:62)
	at java.base/jdk.internal.reflect.DelegatingMethodAccessorImpl.invoke(DelegatingMethodAccessorImpl.java:43)
	at java.base/java.lang.reflect.Method.invoke(Method.java:567)
	at org.testng.internal.MethodInvocationHelper.invokeMethod(MethodInvocationHelper.java:84)
	at org.testng.internal.Invoker.invokeMethod(Invoker.java:714)
	at org.testng.internal.Invoker.invokeTestMethod(Invoker.java:901)
	at org.testng.internal.Invoker.invokeTestMethods(Invoker.java:1231)
	at org.testng.internal.TestMethodWorker.invokeTestMethods(TestMethodWorker.java:127)
	at org.testng.internal.TestMethodWorker.run(TestMethodWorker.java:111)
	at org.testng.TestRunner.privateRun(TestRunner.java:767)
	at org.testng.TestRunner.run(TestRunner.java:617)
	at org.testng.SuiteRunner.runTest(SuiteRunner.java:334)
	at org.testng.SuiteRunner.runSequentially(SuiteRunner.java:329)
	at org.testng.SuiteRunner.privateRun(SuiteRunner.java:291)
	at org.testng.SuiteRunner.run(SuiteRunner.java:240)
	at org.testng.SuiteRunnerWorker.runSuite(SuiteRunnerWorker.java:52)
	at org.testng.SuiteRunnerWorker.run(SuiteRunnerWorker.java:86)
	at org.testng.TestNG.runSuitesSequentially(TestNG.java:1224)
	at org.testng.TestNG.runSuitesLocally(TestNG.java:1149)
	at org.testng.TestNG.run(TestNG.java:1057)
	at org.apache.maven.surefire.testng.TestNGExecutor.run(TestNGExecutor.java:77)
	at org.apache.maven.surefire.testng.TestNGDirectoryTestSuite.execute(TestNGDirectoryTestSuite.java:110)
	at org.apache.maven.surefire.testng.TestNGProvider.invoke(TestNGProvider.java:106)
	at java.base/jdk.internal.reflect.NativeMethodAccessorImpl.invoke0(Native Method)
	at java.base/jdk.internal.reflect.NativeMethodAccessorImpl.invoke(NativeMethodAccessorImpl.java:62)
	at java.base/jdk.internal.reflect.DelegatingMethodAccessorImpl.invoke(DelegatingMethodAccessorImpl.java:43)
	at java.base/java.lang.reflect.Method.invoke(Method.java:567)
	at org.apache.maven.surefire.util.ReflectionUtils.invokeMethodWithArray(ReflectionUtils.java:189)
	at org.apache.maven.surefire.booter.ProviderFactory$ProviderProxy.invoke(ProviderFactory.java:165)
	at org.apache.maven.surefire.booter.ProviderFactory.invokeProvider(ProviderFactory.java:85)
	at org.apache.maven.surefire.booter.ForkedBooter.runSuitesInProcess(ForkedBooter.java:115)
	at org.apache.maven.surefire.booter.ForkedBooter.main(ForkedBooter.java:75)
</pre></div></td>
<td>3</td>
<td>com.khanghv.testng.NewEmptyJUnitTest@74a10858</td></tr>
<tr>
<td title='com.khanghv.testng.NewEmptyJUnitTest.testLogin()'><b>testLogin</b><br>Test class: com.khanghv.testng.NewEmptyJUnitTest<br>Parameters: Khoi, Le, khoiquetlada@gmail.com, 0321516481, 04-Jun-2000, Qu?n 3, null, Math, F, null, C, Afv</td>
<td><div><pre>org.openqa.selenium.WebDriverException: chrome not reachable
  (Session info: chrome=86.0.4240.183)
Build info: version: &apos;4.0.0-alpha-6&apos;, revision: &apos;5f43a29cfc&apos;
System info: host: &apos;SE140097&apos;, ip: &apos;192.168.217.1&apos;, os.name: &apos;Windows 10&apos;, os.arch: &apos;amd64&apos;, os.version: &apos;10.0&apos;, java.version: &apos;12.0.1&apos;
Driver info: org.openqa.selenium.chrome.ChromeDriver
Capabilities {acceptInsecureCerts: false, browserName: chrome, browserVersion: 86.0.4240.183, chrome: {chromedriverVersion: 86.0.4240.22 (398b0743353ff..., userDataDir: C:\Users\USER\AppData\Local...}, goog:chromeOptions: {debuggerAddress: localhost:54176}, javascriptEnabled: true, networkConnectionEnabled: false, pageLoadStrategy: normal, platform: WINDOWS, platformName: WINDOWS, proxy: Proxy(), setWindowRect: true, strictFileInteractability: false, timeouts: {implicit: 0, pageLoad: 300000, script: 30000}, unhandledPromptBehavior: dismiss and notify, webauthn:virtualAuthenticators: true}
Session ID: 40102c6249553f5bcf12812b7a3275b9
*** Element info: {Using=id, value=react-select-3-input}
	at org.openqa.selenium.remote.codec.w3c.W3CHttpResponseCodec.createException(W3CHttpResponseCodec.java:196)
	at org.openqa.selenium.remote.codec.w3c.W3CHttpResponseCodec.decode(W3CHttpResponseCodec.java:129)
	at org.openqa.selenium.remote.codec.w3c.W3CHttpResponseCodec.decode(W3CHttpResponseCodec.java:53)
	at org.openqa.selenium.remote.HttpCommandExecutor.execute(HttpCommandExecutor.java:160)
	at org.openqa.selenium.remote.service.DriverCommandExecutor.execute(DriverCommandExecutor.java:83)
	at org.openqa.selenium.remote.RemoteWebDriver.execute(RemoteWebDriver.java:582)
	at org.openqa.selenium.remote.RemoteWebDriver.findElement(RemoteWebDriver.java:333)
	at org.openqa.selenium.remote.RemoteWebDriver.findElementById(RemoteWebDriver.java:381)
	at org.openqa.selenium.By$ById.findElement(By.java:194)
	at org.openqa.selenium.remote.RemoteWebDriver.findElement(RemoteWebDriver.java:325)
	at com.khanghv.testng.NewEmptyJUnitTest.testLogin(NewEmptyJUnitTest.java:212)
... Removed 38 stack frames</pre></div><a href='#' onClick='toggleBox("stack-trace941453849", this, "Click to show all stack frames", "Click to hide stack frames")'>Click to show all stack frames</a>
<div class='stack-trace' id='stack-trace941453849'><pre>org.openqa.selenium.WebDriverException: chrome not reachable
  (Session info: chrome=86.0.4240.183)
Build info: version: &apos;4.0.0-alpha-6&apos;, revision: &apos;5f43a29cfc&apos;
System info: host: &apos;SE140097&apos;, ip: &apos;192.168.217.1&apos;, os.name: &apos;Windows 10&apos;, os.arch: &apos;amd64&apos;, os.version: &apos;10.0&apos;, java.version: &apos;12.0.1&apos;
Driver info: org.openqa.selenium.chrome.ChromeDriver
Capabilities {acceptInsecureCerts: false, browserName: chrome, browserVersion: 86.0.4240.183, chrome: {chromedriverVersion: 86.0.4240.22 (398b0743353ff..., userDataDir: C:\Users\USER\AppData\Local...}, goog:chromeOptions: {debuggerAddress: localhost:54176}, javascriptEnabled: true, networkConnectionEnabled: false, pageLoadStrategy: normal, platform: WINDOWS, platformName: WINDOWS, proxy: Proxy(), setWindowRect: true, strictFileInteractability: false, timeouts: {implicit: 0, pageLoad: 300000, script: 30000}, unhandledPromptBehavior: dismiss and notify, webauthn:virtualAuthenticators: true}
Session ID: 40102c6249553f5bcf12812b7a3275b9
*** Element info: {Using=id, value=react-select-3-input}
	at java.base/jdk.internal.reflect.NativeConstructorAccessorImpl.newInstance0(Native Method)
	at java.base/jdk.internal.reflect.NativeConstructorAccessorImpl.newInstance(NativeConstructorAccessorImpl.java:62)
	at java.base/jdk.internal.reflect.DelegatingConstructorAccessorImpl.newInstance(DelegatingConstructorAccessorImpl.java:45)
	at java.base/java.lang.reflect.Constructor.newInstanceWithCaller(Constructor.java:500)
	at java.base/java.lang.reflect.Constructor.newInstance(Constructor.java:481)
	at org.openqa.selenium.remote.codec.w3c.W3CHttpResponseCodec.createException(W3CHttpResponseCodec.java:196)
	at org.openqa.selenium.remote.codec.w3c.W3CHttpResponseCodec.decode(W3CHttpResponseCodec.java:129)
	at org.openqa.selenium.remote.codec.w3c.W3CHttpResponseCodec.decode(W3CHttpResponseCodec.java:53)
	at org.openqa.selenium.remote.HttpCommandExecutor.execute(HttpCommandExecutor.java:160)
	at org.openqa.selenium.remote.service.DriverCommandExecutor.execute(DriverCommandExecutor.java:83)
	at org.openqa.selenium.remote.RemoteWebDriver.execute(RemoteWebDriver.java:582)
	at org.openqa.selenium.remote.RemoteWebDriver.findElement(RemoteWebDriver.java:333)
	at org.openqa.selenium.remote.RemoteWebDriver.findElementById(RemoteWebDriver.java:381)
	at org.openqa.selenium.By$ById.findElement(By.java:194)
	at org.openqa.selenium.remote.RemoteWebDriver.findElement(RemoteWebDriver.java:325)
	at com.khanghv.testng.NewEmptyJUnitTest.testLogin(NewEmptyJUnitTest.java:212)
	at java.base/jdk.internal.reflect.NativeMethodAccessorImpl.invoke0(Native Method)
	at java.base/jdk.internal.reflect.NativeMethodAccessorImpl.invoke(NativeMethodAccessorImpl.java:62)
	at java.base/jdk.internal.reflect.DelegatingMethodAccessorImpl.invoke(DelegatingMethodAccessorImpl.java:43)
	at java.base/java.lang.reflect.Method.invoke(Method.java:567)
	at org.testng.internal.MethodInvocationHelper.invokeMethod(MethodInvocationHelper.java:84)
	at org.testng.internal.Invoker.invokeMethod(Invoker.java:714)
	at org.testng.internal.Invoker.invokeTestMethod(Invoker.java:901)
	at org.testng.internal.Invoker.invokeTestMethods(Invoker.java:1231)
	at org.testng.internal.TestMethodWorker.invokeTestMethods(TestMethodWorker.java:127)
	at org.testng.internal.TestMethodWorker.run(TestMethodWorker.java:111)
	at org.testng.TestRunner.privateRun(TestRunner.java:767)
	at org.testng.TestRunner.run(TestRunner.java:617)
	at org.testng.SuiteRunner.runTest(SuiteRunner.java:334)
	at org.testng.SuiteRunner.runSequentially(SuiteRunner.java:329)
	at org.testng.SuiteRunner.privateRun(SuiteRunner.java:291)
	at org.testng.SuiteRunner.run(SuiteRunner.java:240)
	at org.testng.SuiteRunnerWorker.runSuite(SuiteRunnerWorker.java:52)
	at org.testng.SuiteRunnerWorker.run(SuiteRunnerWorker.java:86)
	at org.testng.TestNG.runSuitesSequentially(TestNG.java:1224)
	at org.testng.TestNG.runSuitesLocally(TestNG.java:1149)
	at org.testng.TestNG.run(TestNG.java:1057)
	at org.apache.maven.surefire.testng.TestNGExecutor.run(TestNGExecutor.java:77)
	at org.apache.maven.surefire.testng.TestNGDirectoryTestSuite.execute(TestNGDirectoryTestSuite.java:110)
	at org.apache.maven.surefire.testng.TestNGProvider.invoke(TestNGProvider.java:106)
	at java.base/jdk.internal.reflect.NativeMethodAccessorImpl.invoke0(Native Method)
	at java.base/jdk.internal.reflect.NativeMethodAccessorImpl.invoke(NativeMethodAccessorImpl.java:62)
	at java.base/jdk.internal.reflect.DelegatingMethodAccessorImpl.invoke(DelegatingMethodAccessorImpl.java:43)
	at java.base/java.lang.reflect.Method.invoke(Method.java:567)
	at org.apache.maven.surefire.util.ReflectionUtils.invokeMethodWithArray(ReflectionUtils.java:189)
	at org.apache.maven.surefire.booter.ProviderFactory$ProviderProxy.invoke(ProviderFactory.java:165)
	at org.apache.maven.surefire.booter.ProviderFactory.invokeProvider(ProviderFactory.java:85)
	at org.apache.maven.surefire.booter.ForkedBooter.runSuitesInProcess(ForkedBooter.java:115)
	at org.apache.maven.surefire.booter.ForkedBooter.main(ForkedBooter.java:75)
</pre></div></td>
<td>16</td>
<td>com.khanghv.testng.NewEmptyJUnitTest@74a10858</td></tr>
</table><p>
<table width='100%' border='1' class='invocation-skipped'>
<tr><td colspan='4' align='center'><b>SKIPPED TESTS</b></td></tr>
<tr><td><b>Test method</b></td>
<td width="30%"><b>Exception</b></td>
<td width="10%"><b>Time (seconds)</b></td>
<td><b>Instance</b></td>
</tr>
<tr>
<td title='com.khanghv.testng.NewEmptyJUnitTest.testLogin()'><b>testLogin</b><br>Test class: com.khanghv.testng.NewEmptyJUnitTest<br>Parameters: Duc, Ngo, ducnt@gmail.com, 0154895632, 05-Jul-2000, Qu?n 4, C:\Users\USER\Desktop\103981568_565350744420432_7391090614746833787_n.jpg, Art, O, RM, Har, Kar</td>
<td></td>
<td>0</td>
<td>com.khanghv.testng.NewEmptyJUnitTest@74a10858</td></tr>
<tr>
<td title='com.khanghv.testng.NewEmptyJUnitTest.testLogin()'><b>testLogin</b><br>Test class: com.khanghv.testng.NewEmptyJUnitTest<br>Parameters: null, Hoang, ducnt@gmail.com, 0154895633, 06-Nov-2000, Qu?n 5, C:\Users\USER\Desktop\103981568_565350744420432_7391090614746833787_n.jpg, sacczx, M, SRM, S, Kar</td>
<td></td>
<td>0</td>
<td>com.khanghv.testng.NewEmptyJUnitTest@74a10858</td></tr>
<tr>
<td title='com.khanghv.testng.NewEmptyJUnitTest.testLogin()'><b>testLogin</b><br>Test class: com.khanghv.testng.NewEmptyJUnitTest<br>Parameters: Khoi, null, ducnt@gmail.com, 0154895634, 07-Jun-2000, Qu?n 6, Avasd.jpg, CS, M, RM, Har, Z</td>
<td></td>
<td>0</td>
<td>com.khanghv.testng.NewEmptyJUnitTest@74a10858</td></tr>
<tr>
<td title='com.khanghv.testng.NewEmptyJUnitTest.testLogin()'><b>testLogin</b><br>Test class: com.khanghv.testng.NewEmptyJUnitTest<br>Parameters: Bui, Khoi, null, 0154895635, ADSSC, Qu?n 7, C:\Users\USER\Desktop\103981568_565350744420432_7391090614746833787_n.jpg, null, O, A, Har, Kar</td>
<td></td>
<td>0</td>
<td>com.khanghv.testng.NewEmptyJUnitTest@74a10858</td></tr>
<tr>
<td title='com.khanghv.testng.NewEmptyJUnitTest.testLogin()'><b>testLogin</b><br>Test class: com.khanghv.testng.NewEmptyJUnitTest<br>Parameters: Tanjiro, Bui, puipui, null, 09-Jun-2000, Qu?n 8, C:\Users\USER\Desktop\103981568_565350744420432_7391090614746833787_n.jpg, Eng, F, RM, Q, Kar</td>
<td></td>
<td>0</td>
<td>com.khanghv.testng.NewEmptyJUnitTest@74a10858</td></tr>
<tr>
<td title='com.khanghv.testng.NewEmptyJUnitTest.testLogin()'><b>testLogin</b><br>Test class: com.khanghv.testng.NewEmptyJUnitTest<br>Parameters: Kira, Yoshikage, yuno@gmail.com, 0154895637, null, Qu?n 9, C:\Users\USER\Desktop\103981568_565350744420432_7391090614746833787_n.jpg, null, O, R, Har, Kar</td>
<td></td>
<td>0</td>
<td>com.khanghv.testng.NewEmptyJUnitTest@74a10858</td></tr>
<tr>
<td title='com.khanghv.testng.NewEmptyJUnitTest.testLogin()'><b>testLogin</b><br>Test class: com.khanghv.testng.NewEmptyJUnitTest<br>Parameters: Jonathan, Joestar, trungga@ft.vn, abc, 11-Jun-2000, null, C:\Users\USER\Desktop\103981568_565350744420432_7391090614746833787_n.jpg, Acc, M, S, L, B</td>
<td></td>
<td>0</td>
<td>com.khanghv.testng.NewEmptyJUnitTest@74a10858</td></tr>
<tr>
<td title='com.khanghv.testng.NewEmptyJUnitTest.testLogin()'><b>testLogin</b><br>Test class: com.khanghv.testng.NewEmptyJUnitTest<br>Parameters: 123.0, 213.0, trungga@ft.vn, 0154895637, 12-Jun-2000, America, C:\Users\USER\Desktop\103981568_565350744420432_7391090614746833787_n.jpg, Civics, M, S, L, B</td>
<td></td>
<td>0</td>
<td>com.khanghv.testng.NewEmptyJUnitTest@74a10858</td></tr>
<tr>
<td title='com.khanghv.testng.NewEmptyJUnitTest.testLogin()'><b>testLogin</b><br>Test class: com.khanghv.testng.NewEmptyJUnitTest<br>Parameters: Dio, Brando, dio@gmail.com, 0154895638, Test, Qu?n 11, C:\Users\USER\Desktop\103981568_565350744420432_7391090614746833787_n.jpg, Hin, M, SM, Har, B</td>
<td></td>
<td>0</td>
<td>com.khanghv.testng.NewEmptyJUnitTest@74a10858</td></tr>
<tr>
<td title='com.khanghv.testng.NewEmptyJUnitTest.testLogin()'><b>testLogin</b><br>Test class: com.khanghv.testng.NewEmptyJUnitTest<br>Parameters: Son, Goku, dio@gmail.com, 0154895639, 04-Jan-2000, Qu?n 12, C:\Users\USER\Desktop\103981568_565350744420432_7391090614746833787_n.jpg, null, M, MR, Har, Ala</td>
<td></td>
<td>0</td>
<td>com.khanghv.testng.NewEmptyJUnitTest@74a10858</td></tr>
</table><p>
</body>
</html>